<?xml version="1.0" encoding="UTF-8"?>
<!-- Generated by org.testng.reporters.JUnitXMLReporter -->
<testsuite hostname="Rohits-MacBook-Air.local" ignored="2" name="Default test" tests="1" failures="0" timestamp="2023-04-18T14:04:36 IST" time="0.049" errors="0">
  <testcase name="cartPageTest" time="0.01" classname="testngsessions.ApplicationTest"/>
  <testcase name="homePageTest" time="0.0" classname="testngsessions.ApplicationTest">
    <ignored/>
  </testcase> <!-- homePageTest -->
  <testcase name="searchPageTest" time="0.0" classname="testngsessions.ApplicationTest">
    <ignored/>
  </testcase> <!-- searchPageTest -->
</testsuite> <!-- Default test -->
